<?xml version="1.0" encoding="UTF-8"?>
<beans xmlns:xsi="http://www.w3.org/2001/XMLSchema-instance"
       xmlns="http://www.springframework.org/schema/beans"
       xsi:schemaLocation="http://www.springframework.org/schema/beans
       http://www.springframework.org/schema/beans/spring-beans.xsd">

    <import resource="classpath*:spring-db.xml"/>

    <bean class="org.springframework.beans.factory.config.PropertyPlaceholderConfigurer">
        <property name="locations">
            <list>
                <value>classpath:depo.properties</value>
                <value>classpath:database.properties</value>
            </list>
        </property>
    </bean>

    <bean id="depoDao" class="com.epam.project.daoimpl.DepoDaoImpl">
        <constructor-arg ref="dataSource"/>
    </bean>

</beans>